1604085609115	mozrunner::runner	INFO	Running command: "C:\\Program Files\\Mozilla Firefox\\firefox.exe" "-marionette" "-foreground" "-no-remote" "-profile" "C:\\Users\\CINTIA~1\\AppData\\Local\\Temp\\rust_mozprofile0bUNHn"
Can't find symbol 'eglSwapBuffersWithDamageEXT'.
JavaScript error: resource://gre/modules/XULStore.jsm, line 66: Error: Can't find profile directory.
console.warn: SearchSettings: "get: No settings file exists, new profile?" (new Error("", "(unknown module)"))
1604085618559	Marionette	INFO	Listening on port 51698
1604085618876	Marionette	WARN	TLS certificate errors will be ignored for this session
1604085633547	Marionette	INFO	Stopped listening on port 51698

###!!! [Child][RunMessage] Error: Channel closing: too late to send/recv, messages will be lost


###!!! [Child][MessageChannel::SendAndWait] Error: Channel error: cannot send/recv

1604085823243	mozrunner::runner	INFO	Running command: "C:\\Program Files\\Mozilla Firefox\\firefox.exe" "-marionette" "-foreground" "-no-remote" "-profile" "C:\\Users\\CINTIA~1\\AppData\\Local\\Temp\\rust_mozprofileOoHwsm"
Can't find symbol 'eglSwapBuffersWithDamageEXT'.
JavaScript error: resource://gre/modules/XULStore.jsm, line 66: Error: Can't find profile directory.
console.warn: SearchSettings: "get: No settings file exists, new profile?" (new Error("", "(unknown module)"))
1604085828419	Marionette	INFO	Listening on port 51813
1604085828643	Marionette	WARN	TLS certificate errors will be ignored for this session
1604085832568	Marionette	INFO	Stopped listening on port 51813

###!!! [Child][RunMessage] Error: Channel closing: too late to send/recv, messages will be lost


###!!! [Child][MessageChannel::SendAndWait] Error: Channel error: cannot send/recv

1604251658808	mozrunner::runner	INFO	Running command: "C:\\Program Files\\Mozilla Firefox\\firefox.exe" "-marionette" "-foreground" "-no-remote" "-profile" "C:\\Users\\CINTIA~1\\AppData\\Local\\Temp\\rust_mozprofile1IyiUU"
Can't find symbol 'eglSwapBuffersWithDamageEXT'.
JavaScript error: resource://gre/modules/XULStore.jsm, line 66: Error: Can't find profile directory.
console.warn: SearchSettings: "get: No settings file exists, new profile?" (new Error("", "(unknown module)"))
1604251664042	Marionette	INFO	Listening on port 53879
1604251664182	Marionette	WARN	TLS certificate errors will be ignored for this session
1604251664249	Marionette	INFO	Stopped listening on port 53879
console.error: services.settings: 
  main/cfr-fxa Signature failed  TypeError: NetworkError when attempting to fetch resource.

###!!! [Child][RunMessage] Error: Channel closing: too late to send/recv, messages will be lost


###!!! [Child][MessageChannel::SendAndWait] Error: Channel error: cannot send/recv

1604273719503	mozrunner::runner	INFO	Running command: "C:\\Program Files\\Mozilla Firefox\\firefox.exe" "-marionette" "-foreground" "-no-remote" "-profile" "C:\\Users\\CINTIA~1\\AppData\\Local\\Temp\\rust_mozprofileEeZMZw"
Can't find symbol 'eglSwapBuffersWithDamageEXT'.
JavaScript error: resource://gre/modules/XULStore.jsm, line 66: Error: Can't find profile directory.
console.warn: SearchSettings: "get: No settings file exists, new profile?" (new Error("", "(unknown module)"))
1604273727098	Marionette	INFO	Listening on port 60476
1604273727671	Marionette	WARN	TLS certificate errors will be ignored for this session
1604273744131	Marionette	INFO	Stopped listening on port 60476

###!!! [Child][RunMessage] Error: Channel closing: too late to send/recv, messages will be lost


###!!! [Child][MessageChannel::SendAndWait] Error: Channel error: cannot send/recv

1604273758850	mozrunner::runner	INFO	Running command: "C:\\Program Files\\Mozilla Firefox\\firefox.exe" "-marionette" "-foreground" "-no-remote" "-profile" "C:\\Users\\CINTIA~1\\AppData\\Local\\Temp\\rust_mozprofiledGDsjz"
Can't find symbol 'eglSwapBuffersWithDamageEXT'.
JavaScript error: resource://gre/modules/XULStore.jsm, line 66: Error: Can't find profile directory.
console.warn: SearchSettings: "get: No settings file exists, new profile?" (new Error("", "(unknown module)"))
1604273764188	Marionette	INFO	Listening on port 60530
1604273764234	Marionette	WARN	TLS certificate errors will be ignored for this session
1604273779599	Marionette	INFO	Stopped listening on port 60530

###!!! [Child][RunMessage] Error: Channel closing: too late to send/recv, messages will be lost


###!!! [Child][MessageChannel::SendAndWait] Error: Channel error: cannot send/recv

1604274747706	mozrunner::runner	INFO	Running command: "C:\\Program Files\\Mozilla Firefox\\firefox.exe" "-marionette" "-foreground" "-no-remote" "-profile" "C:\\Users\\CINTIA~1\\AppData\\Local\\Temp\\rust_mozprofileiku7pe"
Can't find symbol 'eglSwapBuffersWithDamageEXT'.
JavaScript error: resource://gre/modules/XULStore.jsm, line 66: Error: Can't find profile directory.
console.warn: SearchSettings: "get: No settings file exists, new profile?" (new Error("", "(unknown module)"))
1604274753371	Marionette	INFO	Listening on port 60928
1604274753658	Marionette	WARN	TLS certificate errors will be ignored for this session
1604275366311	Marionette	INFO	Stopped listening on port 60928

###!!! [Child][RunMessage] Error: Channel closing: too late to send/recv, messages will be lost


###!!! [Child][MessageChannel::SendAndWait] Error: Channel error: cannot send/recv

fersWithDamageEXT'.
JavaScript error: resource://gre/modules/XULStore.jsm, line 66: Error: Can't find profile directory.
console.warn: SearchSettings: "get: No settings file exists, new profile?" (new Error("", "(unknown module)"))
1604275302326	Marionette	INFO	Listening on port 61100
1604275302479	Marionette	WARN	TLS certificate errors will be ignored for this session
1604275365229	Marionette	INFO	Stopped listening on port 61100

###!!! [Child][RunMessage] Error: Channel closing: too late to send/recv, messages will be lost


###!!! [Child][MessageChannel::SendAndWait] Error: Channel error: cannot send/recv

1604275402514	mozrunner::runner	INFO	Running command: "C:\\Program Files\\Mozilla Firefox\\firefox.exe" "-marionette" "-foreground" "-no-remote" "-profile" "C:\\Users\\CINTIA~1\\AppData\\Local\\Temp\\rust_mozprofileM7W4fP"
Can't find symbol 'eglSwapBuffersWithDamageEXT'.
JavaScript error: resource://gre/modules/XULStore.jsm, line 66: Error: Can't find profile directory.
console.warn: SearchSettings: "get: No settings file exists, new profile?" (new Error("", "(unknown module)"))
1604275407755	Marionette	INFO	Listening on port 61157
1604275407975	Marionette	WARN	TLS certificate errors will be ignored for this session
1604275524790	Marionette	INFO	Stopped listening on port 61157

###!!! [Child][RunMessage] Error: Channel closing: too late to send/recv, messages will be lost


###!!! [Child][MessageChannel::SendAndWait] Error: Channel error: cannot send/recv

fersWithDamageEXT'.
JavaScript error: resource://gre/modules/XULStore.jsm, line 66: Error: Can't find profile directory.
console.warn: SearchSettings: "get: No settings file exists, new profile?" (new Error("", "(unknown module)"))
1604275522608	Marionette	INFO	Listening on port 61219
1604275523045	Marionette	WARN	TLS certificate errors will be ignored for this session
1604275862697	Marionette	INFO	Stopped listening on port 61219

###!!! [Child][RunMessage] Error: Channel closing: too late to send/recv, messages will be lost


###!!! [Child][MessageChannel::SendAndWait] Error: Channel error: cannot send/recv

1604275874849	mozrunner::runner	INFO	Running command: "C:\\Program Files\\Mozilla Firefox\\firefox.exe" "-marionette" "-foreground" "-no-remote" "-profile" "C:\\Users\\CINTIA~1\\AppData\\Local\\Temp\\rust_mozprofilecgn6ED"
Can't find symbol 'eglSwapBuffersWithDamageEXT'.
JavaScript error: resource://gre/modules/XULStore.jsm, line 66: Error: Can't find profile directory.
console.warn: SearchSettings: "get: No settings file exists, new profile?" (new Error("", "(unknown module)"))
1604275880165	Marionette	INFO	Listening on port 61299
1604275880243	Marionette	WARN	TLS certificate errors will be ignored for this session
1604276732163	Marionette	INFO	Stopped listening on port 61299

###!!! [Child][RunMessage] Error: Channel closing: too late to send/recv, messages will be lost


###!!! [Child][MessageChannel::SendAndWait] Error: Channel error: cannot send/recv

fersWithDamageEXT'.
JavaScript error: resource://gre/modules/XULStore.jsm, line 66: Error: Can't find profile directory.
console.warn: SearchSettings: "get: No settings file exists, new profile?" (new Error("", "(unknown module)"))
1604276717285	Marionette	INFO	Listening on port 61412
1604276717465	Marionette	WARN	TLS certificate errors will be ignored for this session
1604276889592	Marionette	INFO	Stopped listening on port 61412

###!!! [Child][RunMessage] Error: Channel closing: too late to send/recv, messages will be lost


###!!! [Child][MessageChannel::SendAndWait] Error: Channel error: cannot send/recv

fersWithDamageEXT'.
JavaScript error: resource://gre/modules/XULStore.jsm, line 66: Error: Can't find profile directory.
console.warn: SearchSettings: "get: No settings file exists, new profile?" (new Error("", "(unknown module)"))
1604276828594	Marionette	INFO	Listening on port 61482
1604276828864	Marionette	WARN	TLS certificate errors will be ignored for this session

###!!! [Child][RunMessage] Error: Channel closing: too late to send/recv, messages will be lost

1604276890513	Marionette	INFO	Stopped listening on port 61482

###!!! [Child][RunMessage] Error: Channel closing: too late to send/recv, messages will be lost


###!!! [Child][MessageChannel::SendAndWait] Error: Channel error: cannot send/recv

1604276895512	mozrunner::runner	INFO	Running command: "C:\\Program Files\\Mozilla Firefox\\firefox.exe" "-marionette" "-foreground" "-no-remote" "-profile" "C:\\Users\\CINTIA~1\\AppData\\Local\\Temp\\rust_mozprofilenKmJII"
Can't find symbol 'eglSwapBuffersWithDamageEXT'.
JavaScript error: resource://gre/modules/XULStore.jsm, line 66: Error: Can't find profile directory.
console.warn: SearchSettings: "get: No settings file exists, new profile?" (new Error("", "(unknown module)"))
1604276900957	Marionette	INFO	Listening on port 61539
1604276901585	Marionette	WARN	TLS certificate errors will be ignored for this session
1604277015323	Marionette	INFO	Stopped listening on port 61539

###!!! [Child][RunMessage] Error: Channel closing: too late to send/recv, messages will be lost


###!!! [Child][MessageChannel::SendAndWait] Error: Channel error: cannot send/recv

fersWithDamageEXT'.
JavaScript error: resource://gre/modules/XULStore.jsm, line 66: Error: Can't find profile directory.
console.warn: SearchSettings: "get: No settings file exists, new profile?" (new Error("", "(unknown module)"))
1604276955350	Marionette	INFO	Listening on port 61596
1604276955848	Marionette	WARN	TLS certificate errors will be ignored for this session
1604277016333	Marionette	INFO	Stopped listening on port 61596

###!!! [Child][RunMessage] Error: Channel closing: too late to send/recv, messages will be lost


###!!! [Child][MessageChannel::SendAndWait] Error: Channel error: cannot send/recv

fersWithDamageEXT'.
JavaScript error: resource://gre/modules/XULStore.jsm, line 66: Error: Can't find profile directory.
console.warn: SearchSettings: "get: No settings file exists, new profile?" (new Error("", "(unknown module)"))
1604277007512	Marionette	INFO	Listening on port 61658
1604277007701	Marionette	WARN	TLS certificate errors will be ignored for this session
1604277017523	Marionette	INFO	Stopped listening on port 61658

###!!! [Child][RunMessage] Error: Channel closing: too late to send/recv, messages will be lost


###!!! [Child][MessageChannel::SendAndWait] Error: Channel error: cannot send/recv

1604277043712	mozrunner::runner	INFO	Running command: "C:\\Program Files\\Mozilla Firefox\\firefox.exe" "-marionette" "-foreground" "-no-remote" "-profile" "C:\\Users\\CINTIA~1\\AppData\\Local\\Temp\\rust_mozprofileUKMxbJ"
Can't find symbol 'eglSwapBuffersWithDamageEXT'.
JavaScript error: resource://gre/modules/XULStore.jsm, line 66: Error: Can't find profile directory.
console.warn: SearchSettings: "get: No settings file exists, new profile?" (new Error("", "(unknown module)"))
1604277049039	Marionette	INFO	Listening on port 61717
1604277049111	Marionette	WARN	TLS certificate errors will be ignored for this session
1604277077588	Marionette	INFO	Stopped listening on port 61717

###!!! [Child][RunMessage] Error: Channel closing: too late to send/recv, messages will be lost


###!!! [Child][MessageChannel::SendAndWait] Error: Channel error: cannot send/recv

1604363604807	mozrunner::runner	INFO	Running command: "C:\\Program Files\\Mozilla Firefox\\firefox.exe" "-marionette" "-foreground" "-no-remote" "-profile" "C:\\Users\\CINTIA~1\\AppData\\Local\\Temp\\rust_mozprofileLvelox"
Can't find symbol 'eglSwapBuffersWithDamageEXT'.
JavaScript error: resource://gre/modules/XULStore.jsm, line 66: Error: Can't find profile directory.
console.warn: SearchSettings: "get: No settings file exists, new profile?" (new Error("", "(unknown module)"))
1604363610618	Marionette	INFO	Listening on port 62806
1604363611180	Marionette	WARN	TLS certificate errors will be ignored for this session
1604363624626	Marionette	WARN	TimedPromise timed out after 500 ms: stacktrace:
TimedPromise/<@chrome://marionette/content/sync.js:228:19
TimedPromise@chrome://marionette/content/sync.js:213:10
interaction.flushEventLoop@chrome://marionette/content/interaction.js:418:10
webdriverClickElement@chrome://marionette/content/interaction.js:179:31
1604364492042	Marionette	INFO	Stopped listening on port 62806

###!!! [Child][RunMessage] Error: Channel closing: too late to send/recv, messages will be lost


###!!! [Child][MessageChannel::SendAndWait] Error: Channel error: cannot send/recv

1604416457232	mozrunner::runner	INFO	Running command: "C:\\Program Files\\Mozilla Firefox\\firefox.exe" "-marionette" "-foreground" "-no-remote" "-profile" "C:\\Users\\CINTIA~1\\AppData\\Local\\Temp\\rust_mozprofilewivlIs"
Can't find symbol 'eglSwapBuffersWithDamageEXT'.
JavaScript error: resource://gre/modules/XULStore.jsm, line 66: Error: Can't find profile directory.
console.warn: SearchSettings: "get: No settings file exists, new profile?" (new Error("", "(unknown module)"))
1604416464836	Marionette	INFO	Listening on port 56153
1604416465301	Marionette	WARN	TLS certificate errors will be ignored for this session
1604416590012	Marionette	INFO	Stopped listening on port 56153

###!!! [Child][RunMessage] Error: Channel closing: too late to send/recv, messages will be lost


###!!! [Child][MessageChannel::SendAndWait] Error: Channel error: cannot send/recv

fersWithDamageEXT'.
JavaScript error: resource://gre/modules/XULStore.jsm, line 66: Error: Can't find profile directory.
console.warn: SearchSettings: "get: No settings file exists, new profile?" (new Error("", "(unknown module)"))
1604416551852	Marionette	INFO	Listening on port 56256
1604416552030	Marionette	WARN	TLS certificate errors will be ignored for this session
1604416590721	Marionette	INFO	Stopped listening on port 56256

###!!! [Child][RunMessage] Error: Channel closing: too late to send/recv, messages will be lost


###!!! [Child][MessageChannel::SendAndWait] Error: Channel error: cannot send/recv

1604416769106	mozrunner::runner	INFO	Running command: "C:\\Program Files\\Mozilla Firefox\\firefox.exe" "-marionette" "-foreground" "-no-remote" "-profile" "C:\\Users\\CINTIA~1\\AppData\\Local\\Temp\\rust_mozprofileFtVpTF"
Can't find symbol 'eglSwapBuffersWithDamageEXT'.
JavaScript error: resource://gre/modules/XULStore.jsm, line 66: Error: Can't find profile directory.
console.warn: SearchSettings: "get: No settings file exists, new profile?" (new Error("", "(unknown module)"))
1604416774558	Marionette	INFO	Listening on port 56426
1604416775029	Marionette	WARN	TLS certificate errors will be ignored for this session
1604416780978	Marionette	INFO	Stopped listening on port 56426

###!!! [Child][RunMessage] Error: Channel closing: too late to send/recv, messages will be lost


###!!! [Child][MessageChannel::SendAndWait] Error: Channel error: cannot send/recv

1604416843523	mozrunner::runner	INFO	Running command: "C:\\Program Files\\Mozilla Firefox\\firefox.exe" "-marionette" "-foreground" "-no-remote" "-profile" "C:\\Users\\CINTIA~1\\AppData\\Local\\Temp\\rust_mozprofilerXaQ9X"
Can't find symbol 'eglSwapBuffersWithDamageEXT'.
JavaScript error: resource://gre/modules/XULStore.jsm, line 66: Error: Can't find profile directory.
console.warn: SearchSettings: "get: No settings file exists, new profile?" (new Error("", "(unknown module)"))
1604416849142	Marionette	INFO	Listening on port 56517
1604416849421	Marionette	WARN	TLS certificate errors will be ignored for this session
1604416853652	Marionette	INFO	Stopped listening on port 56517

###!!! [Child][RunMessage] Error: Channel closing: too late to send/recv, messages will be lost


###!!! [Child][RunMessage] Error: Channel closing: too late to send/recv, messages will be lost


###!!! [Child][MessageChannel::SendAndWait] Error: Channel error: cannot send/recv

1604685646976	mozrunner::runner	INFO	Running command: "C:\\Program Files\\Mozilla Firefox\\firefox.exe" "-marionette" "-foreground" "-no-remote" "-profile" "C:\\Users\\CINTIA~1\\AppData\\Local\\Temp\\rust_mozprofileUJeGhB"
Can't find symbol 'eglSwapBuffersWithDamageEXT'.
JavaScript error: resource://gre/modules/XULStore.jsm, line 66: Error: Can't find profile directory.
console.warn: SearchSettings: "get: No settings file exists, new profile?" (new Error("", "(unknown module)"))
1604685655340	Marionette	INFO	Listening on port 53511
1604685655566	Marionette	WARN	TLS certificate errors will be ignored for this session
1604685660586	Marionette	INFO	Stopped listening on port 53511

###!!! [Child][RunMessage] Error: Channel closing: too late to send/recv, messages will be lost


###!!! [Child][MessageChannel::SendAndWait] Error: Channel error: cannot send/recv

1604685822589	mozrunner::runner	INFO	Running command: "C:\\Program Files\\Mozilla Firefox\\firefox.exe" "-marionette" "-foreground" "-no-remote" "-profile" "C:\\Users\\CINTIA~1\\AppData\\Local\\Temp\\rust_mozprofilecIxmnn"
Can't find symbol 'eglSwapBuffersWithDamageEXT'.
JavaScript error: resource://gre/modules/XULStore.jsm, line 66: Error: Can't find profile directory.
console.warn: SearchSettings: "get: No settings file exists, new profile?" (new Error("", "(unknown module)"))
1604685828598	Marionette	INFO	Listening on port 53616
1604685828984	Marionette	WARN	TLS certificate errors will be ignored for this session
1604685833855	Marionette	INFO	Stopped listening on port 53616

###!!! [Child][RunMessage] Error: Channel closing: too late to send/recv, messages will be lost


###!!! [Child][MessageChannel::SendAndWait] Error: Channel error: cannot send/recv

1604685918759	mozrunner::runner	INFO	Running command: "C:\\Program Files\\Mozilla Firefox\\firefox.exe" "-marionette" "-foreground" "-no-remote" "-profile" "C:\\Users\\CINTIA~1\\AppData\\Local\\Temp\\rust_mozprofileVDuheH"
Can't find symbol 'eglSwapBuffersWithDamageEXT'.
JavaScript error: resource://gre/modules/XULStore.jsm, line 66: Error: Can't find profile directory.
console.warn: SearchSettings: "get: No settings file exists, new profile?" (new Error("", "(unknown module)"))
1604685924799	Marionette	INFO	Listening on port 53723
1604685925146	Marionette	WARN	TLS certificate errors will be ignored for this session
1604686258461	Marionette	INFO	Stopped listening on port 53723

###!!! [Child][RunMessage] Error: Channel closing: too late to send/recv, messages will be lost


###!!! [Child][MessageChannel::SendAndWait] Error: Channel error: cannot send/recv

fersWithDamageEXT'.
JavaScript error: resource://gre/modules/XULStore.jsm, line 66: Error: Can't find profile directory.
console.warn: SearchSettings: "get: No settings file exists, new profile?" (new Error("", "(unknown module)"))
1604686237874	Marionette	INFO	Listening on port 53962
1604686237994	Marionette	WARN	TLS certificate errors will be ignored for this session

###!!! [Child][RunMessage] Error: Channel closing: too late to send/recv, messages will be lost

1604686254572	Marionette	INFO	Stopped listening on port 53962

###!!! [Child][RunMessage] Error: Channel closing: too late to send/recv, messages will be lost


###!!! [Child][MessageChannel::SendAndWait] Error: Channel error: cannot send/recv

1604686394912	mozrunner::runner	INFO	Running command: "C:\\Program Files\\Mozilla Firefox\\firefox.exe" "-marionette" "-foreground" "-no-remote" "-profile" "C:\\Users\\CINTIA~1\\AppData\\Local\\Temp\\rust_mozprofileAUHRkU"
Can't find symbol 'eglSwapBuffersWithDamageEXT'.
JavaScript error: resource://gre/modules/XULStore.jsm, line 66: Error: Can't find profile directory.
console.warn: SearchSettings: "get: No settings file exists, new profile?" (new Error("", "(unknown module)"))
1604686400084	Marionette	INFO	Listening on port 54100
1604686400309	Marionette	WARN	TLS certificate errors will be ignored for this session
1604686432688	Marionette	INFO	Stopped listening on port 54100

###!!! [Child][RunMessage] Error: Channel closing: too late to send/recv, messages will be lost


###!!! [Child][MessageChannel::SendAndWait] Error: Channel error: cannot send/recv

1604686495609	mozrunner::runner	INFO	Running command: "C:\\Program Files\\Mozilla Firefox\\firefox.exe" "-marionette" "-foreground" "-no-remote" "-profile" "C:\\Users\\CINTIA~1\\AppData\\Local\\Temp\\rust_mozprofileBgD7dE"
Can't find symbol 'eglSwapBuffersWithDamageEXT'.
JavaScript error: resource://gre/modules/XULStore.jsm, line 66: Error: Can't find profile directory.
console.warn: SearchSettings: "get: No settings file exists, new profile?" (new Error("", "(unknown module)"))
1604686501129	Marionette	INFO	Listening on port 54205
1604686501511	Marionette	WARN	TLS certificate errors will be ignored for this session
1604686520942	Marionette	INFO	Stopped listening on port 54205

###!!! [Child][RunMessage] Error: Channel closing: too late to send/recv, messages will be lost


###!!! [Child][MessageChannel::SendAndWait] Error: Channel error: cannot send/recv

1604686910770	mozrunner::runner	INFO	Running command: "C:\\Program Files\\Mozilla Firefox\\firefox.exe" "-marionette" "-foreground" "-no-remote" "-profile" "C:\\Users\\CINTIA~1\\AppData\\Local\\Temp\\rust_mozprofilesK2FxT"
Can't find symbol 'eglSwapBuffersWithDamageEXT'.
JavaScript error: resource://gre/modules/XULStore.jsm, line 66: Error: Can't find profile directory.
console.warn: SearchSettings: "get: No settings file exists, new profile?" (new Error("", "(unknown module)"))
1604686916088	Marionette	INFO	Listening on port 54508
1604686916168	Marionette	WARN	TLS certificate errors will be ignored for this session
1604686938429	Marionette	INFO	Stopped listening on port 54508

###!!! [Child][RunMessage] Error: Channel closing: too late to send/recv, messages will be lost


###!!! [Child][MessageChannel::SendAndWait] Error: Channel error: cannot send/recv

1604687044945	mozrunner::runner	INFO	Running command: "C:\\Program Files\\Mozilla Firefox\\firefox.exe" "-marionette" "-foreground" "-no-remote" "-profile" "C:\\Users\\CINTIA~1\\AppData\\Local\\Temp\\rust_mozprofileGFMP9Z"
Can't find symbol 'eglSwapBuffersWithDamageEXT'.
JavaScript error: resource://gre/modules/XULStore.jsm, line 66: Error: Can't find profile directory.
console.warn: SearchSettings: "get: No settings file exists, new profile?" (new Error("", "(unknown module)"))
1604687050302	Marionette	INFO	Listening on port 54631
1604687050853	Marionette	WARN	TLS certificate errors will be ignored for this session
1604687067554	Marionette	INFO	Stopped listening on port 54631

###!!! [Child][RunMessage] Error: Channel closing: too late to send/recv, messages will be lost


###!!! [Child][MessageChannel::SendAndWait] Error: Channel error: cannot send/recv

1604687229505	mozrunner::runner	INFO	Running command: "C:\\Program Files\\Mozilla Firefox\\firefox.exe" "-marionette" "-foreground" "-no-remote" "-profile" "C:\\Users\\CINTIA~1\\AppData\\Local\\Temp\\rust_mozprofileTAe38b"
Can't find symbol 'eglSwapBuffersWithDamageEXT'.
JavaScript error: resource://gre/modules/XULStore.jsm, line 66: Error: Can't find profile directory.
console.warn: SearchSettings: "get: No settings file exists, new profile?" (new Error("", "(unknown module)"))
1604687234570	Marionette	INFO	Listening on port 54795
1604687234921	Marionette	WARN	TLS certificate errors will be ignored for this session
1604687248213	Marionette	INFO	Stopped listening on port 54795

###!!! [Child][RunMessage] Error: Channel closing: too late to send/recv, messages will be lost


###!!! [Child][MessageChannel::SendAndWait] Error: Channel error: cannot send/recv

1604687422050	mozrunner::runner	INFO	Running command: "C:\\Program Files\\Mozilla Firefox\\firefox.exe" "-marionette" "-foreground" "-no-remote" "-profile" "C:\\Users\\CINTIA~1\\AppData\\Local\\Temp\\rust_mozprofileG9OWF3"
Can't find symbol 'eglSwapBuffersWithDamageEXT'.
JavaScript error: resource://gre/modules/XULStore.jsm, line 66: Error: Can't find profile directory.
console.warn: SearchSettings: "get: No settings file exists, new profile?" (new Error("", "(unknown module)"))
1604687427608	Marionette	INFO	Listening on port 54956
1604687427959	Marionette	WARN	TLS certificate errors will be ignored for this session
[Parent 9048, Gecko_IOThread] WARNING: file /builds/worker/checkouts/gecko/ipc/chromium/src/base/process_util_win.cc, line 166
1604687445570	Marionette	INFO	Stopped listening on port 54956

###!!! [Child][RunMessage] Error: Channel closing: too late to send/recv, messages will be lost


###!!! [Child][MessageChannel::SendAndWait] Error: Channel error: cannot send/recv

1604687483750	mozrunner::runner	INFO	Running command: "C:\\Program Files\\Mozilla Firefox\\firefox.exe" "-marionette" "-foreground" "-no-remote" "-profile" "C:\\Users\\CINTIA~1\\AppData\\Local\\Temp\\rust_mozprofileOAEOwI"
Can't find symbol 'eglSwapBuffersWithDamageEXT'.
JavaScript error: resource://gre/modules/XULStore.jsm, line 66: Error: Can't find profile directory.
console.warn: SearchSettings: "get: No settings file exists, new profile?" (new Error("", "(unknown module)"))
1604687489211	Marionette	INFO	Listening on port 55045
1604687489674	Marionette	WARN	TLS certificate errors will be ignored for this session
1604687500388	Marionette	INFO	Stopped listening on port 55045

###!!! [Child][RunMessage] Error: Channel closing: too late to send/recv, messages will be lost


###!!! [Child][MessageChannel::SendAndWait] Error: Channel error: cannot send/recv

1604687523365	mozrunner::runner	INFO	Running command: "C:\\Program Files\\Mozilla Firefox\\firefox.exe" "-marionette" "-foreground" "-no-remote" "-profile" "C:\\Users\\CINTIA~1\\AppData\\Local\\Temp\\rust_mozprofileh1lkZM"
Can't find symbol 'eglSwapBuffersWithDamageEXT'.
JavaScript error: resource://gre/modules/XULStore.jsm, line 66: Error: Can't find profile directory.
console.warn: SearchSettings: "get: No settings file exists, new profile?" (new Error("", "(unknown module)"))
1604687528707	Marionette	INFO	Listening on port 55119
1604687528766	Marionette	WARN	TLS certificate errors will be ignored for this session
1604687539401	Marionette	INFO	Stopped listening on port 55119

###!!! [Child][RunMessage] Error: Channel closing: too late to send/recv, messages will be lost


###!!! [Child][MessageChannel::SendAndWait] Error: Channel error: cannot send/recv

1604687693190	mozrunner::runner	INFO	Running command: "C:\\Program Files\\Mozilla Firefox\\firefox.exe" "-marionette" "-foreground" "-no-remote" "-profile" "C:\\Users\\CINTIA~1\\AppData\\Local\\Temp\\rust_mozprofile5T1Crp"
Can't find symbol 'eglSwapBuffersWithDamageEXT'.
JavaScript error: resource://gre/modules/XULStore.jsm, line 66: Error: Can't find profile directory.
console.warn: SearchSettings: "get: No settings file exists, new profile?" (new Error("", "(unknown module)"))
1604687699265	Marionette	INFO	Listening on port 55285
1604687699592	Marionette	WARN	TLS certificate errors will be ignored for this session

###!!! [Child][RunMessage] Error: Channel closing: too late to send/recv, messages will be lost

1604687710034	Marionette	INFO	Stopped listening on port 55285

###!!! [Child][RunMessage] Error: Channel closing: too late to send/recv, messages will be lost


###!!! [Child][MessageChannel::SendAndWait] Error: Channel error: cannot send/recv

1604687730874	mozrunner::runner	INFO	Running command: "C:\\Program Files\\Mozilla Firefox\\firefox.exe" "-marionette" "-foreground" "-no-remote" "-profile" "C:\\Users\\CINTIA~1\\AppData\\Local\\Temp\\rust_mozprofilealXzOJ"
Can't find symbol 'eglSwapBuffersWithDamageEXT'.
JavaScript error: resource://gre/modules/XULStore.jsm, line 66: Error: Can't find profile directory.
console.warn: SearchSettings: "get: No settings file exists, new profile?" (new Error("", "(unknown module)"))
1604687736073	Marionette	INFO	Listening on port 55352
1604687736231	Marionette	WARN	TLS certificate errors will be ignored for this session
1604687745588	Marionette	INFO	Stopped listening on port 55352

###!!! [Child][RunMessage] Error: Channel closing: too late to send/recv, messages will be lost


###!!! [Child][MessageChannel::SendAndWait] Error: Channel error: cannot send/recv

1604687800682	mozrunner::runner	INFO	Running command: "C:\\Program Files\\Mozilla Firefox\\firefox.exe" "-marionette" "-foreground" "-no-remote" "-profile" "C:\\Users\\CINTIA~1\\AppData\\Local\\Temp\\rust_mozprofile5t2DqF"
Can't find symbol 'eglSwapBuffersWithDamageEXT'.
JavaScript error: resource://gre/modules/XULStore.jsm, line 66: Error: Can't find profile directory.
console.warn: SearchSettings: "get: No settings file exists, new profile?" (new Error("", "(unknown module)"))
1604687806030	Marionette	INFO	Listening on port 55442
1604687806084	Marionette	WARN	TLS certificate errors will be ignored for this session
1604687817687	Marionette	INFO	Stopped listening on port 55442

###!!! [Child][RunMessage] Error: Channel closing: too late to send/recv, messages will be lost


###!!! [Child][MessageChannel::SendAndWait] Error: Channel error: cannot send/recv

1604687857661	mozrunner::runner	INFO	Running command: "C:\\Program Files\\Mozilla Firefox\\firefox.exe" "-marionette" "-foreground" "-no-remote" "-profile" "C:\\Users\\CINTIA~1\\AppData\\Local\\Temp\\rust_mozprofilekguBut"
Can't find symbol 'eglSwapBuffersWithDamageEXT'.
JavaScript error: resource://gre/modules/XULStore.jsm, line 66: Error: Can't find profile directory.
console.warn: SearchSettings: "get: No settings file exists, new profile?" (new Error("", "(unknown module)"))
1604687863182	Marionette	INFO	Listening on port 55526
1604687863605	Marionette	WARN	TLS certificate errors will be ignored for this session
1604688320890	Marionette	INFO	Stopped listening on port 55526

###!!! [Child][RunMessage] Error: Channel closing: too late to send/recv, messages will be lost


###!!! [Child][MessageChannel::SendAndWait] Error: Channel error: cannot send/recv

fersWithDamageEXT'.
JavaScript error: resource://gre/modules/XULStore.jsm, line 66: Error: Can't find profile directory.
console.warn: SearchSettings: "get: No settings file exists, new profile?" (new Error("", "(unknown module)"))
1604688167257	Marionette	INFO	Listening on port 55777
1604688167722	Marionette	WARN	TLS certificate errors will be ignored for this session
1604688321668	Marionette	INFO	Stopped listening on port 55777

###!!! [Child][RunMessage] Error: Channel closing: too late to send/recv, messages will be lost


###!!! [Child][MessageChannel::SendAndWait] Error: Channel error: cannot send/recv

fersWithDamageEXT'.
JavaScript error: resource://gre/modules/XULStore.jsm, line 66: Error: Can't find profile directory.
console.warn: SearchSettings: "get: No settings file exists, new profile?" (new Error("", "(unknown module)"))
1604688263762	Marionette	INFO	Listening on port 55881
1604688264231	Marionette	WARN	TLS certificate errors will be ignored for this session
1604688322773	Marionette	INFO	Stopped listening on port 55881

###!!! [Child][RunMessage] Error: Channel closing: too late to send/recv, messages will be lost


###!!! [Child][MessageChannel::SendAndWait] Error: Channel error: cannot send/recv

1604688329281	mozrunner::runner	INFO	Running command: "C:\\Program Files\\Mozilla Firefox\\firefox.exe" "-marionette" "-foreground" "-no-remote" "-profile" "C:\\Users\\CINTIA~1\\AppData\\Local\\Temp\\rust_mozprofileM6Hupx"
Can't find symbol 'eglSwapBuffersWithDamageEXT'.
JavaScript error: resource://gre/modules/XULStore.jsm, line 66: Error: Can't find profile directory.
console.warn: SearchSettings: "get: No settings file exists, new profile?" (new Error("", "(unknown module)"))
1604688334986	Marionette	INFO	Listening on port 55979
1604688335178	Marionette	WARN	TLS certificate errors will be ignored for this session
1604688345479	Marionette	INFO	Stopped listening on port 55979

###!!! [Child][MessageChannel::SendAndWait] Error: Channel error: cannot send/recv

1604688617921	mozrunner::runner	INFO	Running command: "C:\\Program Files\\Mozilla Firefox\\firefox.exe" "-marionette" "-foreground" "-no-remote" "-profile" "C:\\Users\\CINTIA~1\\AppData\\Local\\Temp\\rust_mozprofileU0itiJ"
Can't find symbol 'eglSwapBuffersWithDamageEXT'.
JavaScript error: resource://gre/modules/XULStore.jsm, line 66: Error: Can't find profile directory.
console.warn: SearchSettings: "get: No settings file exists, new profile?" (new Error("", "(unknown module)"))
1604688623318	Marionette	INFO	Listening on port 56378
1604688623868	Marionette	WARN	TLS certificate errors will be ignored for this session
1604688640517	Marionette	INFO	Stopped listening on port 56378

###!!! [Child][RunMessage] Error: Channel closing: too late to send/recv, messages will be lost


###!!! [Child][MessageChannel::SendAndWait] Error: Channel error: cannot send/recv

1604688661806	mozrunner::runner	INFO	Running command: "C:\\Program Files\\Mozilla Firefox\\firefox.exe" "-marionette" "-foreground" "-no-remote" "-profile" "C:\\Users\\CINTIA~1\\AppData\\Local\\Temp\\rust_mozprofileMB8ank"
Can't find symbol 'eglSwapBuffersWithDamageEXT'.
JavaScript error: resource://gre/modules/XULStore.jsm, line 66: Error: Can't find profile directory.
console.warn: SearchSettings: "get: No settings file exists, new profile?" (new Error("", "(unknown module)"))
1604688667067	Marionette	INFO	Listening on port 56461
1604688667212	Marionette	WARN	TLS certificate errors will be ignored for this session
1604688791049	Marionette	INFO	Stopped listening on port 56461

###!!! [Child][RunMessage] Error: Channel closing: too late to send/recv, messages will be lost


###!!! [Child][MessageChannel::SendAndWait] Error: Channel error: cannot send/recv

1604688797878	mozrunner::runner	INFO	Running command: "C:\\Program Files\\Mozilla Firefox\\firefox.exe" "-marionette" "-foreground" "-no-remote" "-profile" "C:\\Users\\CINTIA~1\\AppData\\Local\\Temp\\rust_mozprofileqvksN6"
Can't find symbol 'eglSwapBuffersWithDamageEXT'.
JavaScript error: resource://gre/modules/XULStore.jsm, line 66: Error: Can't find profile directory.
console.warn: SearchSettings: "get: No settings file exists, new profile?" (new Error("", "(unknown module)"))
1604688803578	Marionette	INFO	Listening on port 56591
1604688803832	Marionette	WARN	TLS certificate errors will be ignored for this session
1604688814177	Marionette	INFO	Stopped listening on port 56591

###!!! [Child][RunMessage] Error: Channel closing: too late to send/recv, messages will be lost


###!!! [Child][MessageChannel::SendAndWait] Error: Channel error: cannot send/recv

1604688863846	mozrunner::runner	INFO	Running command: "C:\\Program Files\\Mozilla Firefox\\firefox.exe" "-marionette" "-foreground" "-no-remote" "-profile" "C:\\Users\\CINTIA~1\\AppData\\Local\\Temp\\rust_mozprofileXQxHvI"
Can't find symbol 'eglSwapBuffersWithDamageEXT'.
JavaScript error: resource://gre/modules/XULStore.jsm, line 66: Error: Can't find profile directory.
console.warn: SearchSettings: "get: No settings file exists, new profile?" (new Error("", "(unknown module)"))
1604688869309	Marionette	INFO	Listening on port 56677
1604688869750	Marionette	WARN	TLS certificate errors will be ignored for this session
1604688957576	Marionette	INFO	Stopped listening on port 56677

###!!! [Child][RunMessage] Error: Channel closing: too late to send/recv, messages will be lost


###!!! [Child][MessageChannel::SendAndWait] Error: Channel error: cannot send/recv

1604688964431	mozrunner::runner	INFO	Running command: "C:\\Program Files\\Mozilla Firefox\\firefox.exe" "-marionette" "-foreground" "-no-remote" "-profile" "C:\\Users\\CINTIA~1\\AppData\\Local\\Temp\\rust_mozprofileU2ghSk"
Can't find symbol 'eglSwapBuffersWithDamageEXT'.
JavaScript error: resource://gre/modules/XULStore.jsm, line 66: Error: Can't find profile directory.
console.warn: SearchSettings: "get: No settings file exists, new profile?" (new Error("", "(unknown module)"))
1604688970285	Marionette	INFO	Listening on port 56806
1604688970339	Marionette	WARN	TLS certificate errors will be ignored for this session
1604688983902	Marionette	INFO	Stopped listening on port 56806

###!!! [Child][RunMessage] Error: Channel closing: too late to send/recv, messages will be lost


###!!! [Child][MessageChannel::SendAndWait] Error: Channel error: cannot send/recv

1604689526873	mozrunner::runner	INFO	Running command: "C:\\Program Files\\Mozilla Firefox\\firefox.exe" "-marionette" "-foreground" "-no-remote" "-profile" "C:\\Users\\CINTIA~1\\AppData\\Local\\Temp\\rust_mozprofileBMLFXp"
Can't find symbol 'eglSwapBuffersWithDamageEXT'.
JavaScript error: resource://gre/modules/XULStore.jsm, line 66: Error: Can't find profile directory.
console.warn: SearchSettings: "get: No settings file exists, new profile?" (new Error("", "(unknown module)"))
1604689532078	Marionette	INFO	Listening on port 56993
1604689532262	Marionette	WARN	TLS certificate errors will be ignored for this session

###!!! [Child][RunMessage] Error: Channel closing: too late to send/recv, messages will be lost

1604689545921	Marionette	INFO	Stopped listening on port 56993

###!!! [Child][RunMessage] Error: Channel closing: too late to send/recv, messages will be lost


###!!! [Child][MessageChannel::SendAndWait] Error: Channel error: cannot send/recv

1604689592098	mozrunner::runner	INFO	Running command: "C:\\Program Files\\Mozilla Firefox\\firefox.exe" "-marionette" "-foreground" "-no-remote" "-profile" "C:\\Users\\CINTIA~1\\AppData\\Local\\Temp\\rust_mozprofilehY3UUE"
Can't find symbol 'eglSwapBuffersWithDamageEXT'.
JavaScript error: resource://gre/modules/XULStore.jsm, line 66: Error: Can't find profile directory.
console.warn: SearchSettings: "get: No settings file exists, new profile?" (new Error("", "(unknown module)"))
1604689597241	Marionette	INFO	Listening on port 57054
1604689597490	Marionette	WARN	TLS certificate errors will be ignored for this session
1604689848347	Marionette	INFO	Stopped listening on port 57054

###!!! [Child][RunMessage] Error: Channel closing: too late to send/recv, messages will be lost


###!!! [Child][MessageChannel::SendAndWait] Error: Channel error: cannot send/recv

fersWithDamageEXT'.
JavaScript error: resource://gre/modules/XULStore.jsm, line 66: Error: Can't find profile directory.
console.warn: SearchSettings: "get: No settings file exists, new profile?" (new Error("", "(unknown module)"))
1604689661182	Marionette	INFO	Listening on port 57112
1604689661315	Marionette	WARN	TLS certificate errors will be ignored for this session
JavaScript error: moz-extension://281be955-aee8-4b68-a79c-d143064620c5/selector/ui.js, line 45: TypeError: this.sizeTracking is undefined
SourceActor threw an exception: [Exception... "Failed to open input source 'file:///'"  nsresult: "0x80004005 (NS_ERROR_FAILURE)"  location: "JS frame :: resource://devtools/shared/DevToolsUtils.js :: mainThreadFetch/< :: line 668"  data: yes]
Stack: mainThreadFetch/<@resource://devtools/shared/DevToolsUtils.js:668:15
mainThreadFetch@resource://devtools/shared/DevToolsUtils.js:516:10
_fetchURLContents@resource://devtools/server/actors/utils/TabSources.js:440:22
urlContents@resource://devtools/server/actors/utils/TabSources.js:407:17
_resurrectSource@resource://devtools/server/actors/thread.js:2105:69
addAllSources@resource://devtools/server/actors/thread.js:1500:14
onSources@resource://devtools/server/actors/thread.js:1506:10
onPacket@resource://devtools/server/devtools-server-connection.js:379:58
receiveMessage@resource://devtools/shared/transport/child-transport.js:66:16
Line: 668, column: 0
console.error: ({})
JavaScript error: resource://devtools/shared/DevToolsUtils.js, line 668: NS_ERROR_FAILURE: Failed to open input source 'file:///'
1604689849951	Marionette	INFO	Stopped listening on port 57112

###!!! [Child][RunMessage] Error: Channel closing: too late to send/recv, messages will be lost


###!!! [Child][MessageChannel::SendAndWait] Error: Channel error: cannot send/recv

fersWithDamageEXT'.
JavaScript error: resource://gre/modules/XULStore.jsm, line 66: Error: Can't find profile directory.
console.warn: SearchSettings: "get: No settings file exists, new profile?" (new Error("", "(unknown module)"))
1604689838218	Marionette	INFO	Listening on port 57182
1604689838565	Marionette	WARN	TLS certificate errors will be ignored for this session
1604689845992	Marionette	INFO	Stopped listening on port 57182

###!!! [Child][RunMessage] Error: Channel closing: too late to send/recv, messages will be lost


###!!! [Child][MessageChannel::SendAndWait] Error: Channel error: cannot send/recv

1604689890835	mozrunner::runner	INFO	Running command: "C:\\Program Files\\Mozilla Firefox\\firefox.exe" "-marionette" "-foreground" "-no-remote" "-profile" "C:\\Users\\CINTIA~1\\AppData\\Local\\Temp\\rust_mozprofilenQV4qr"
Can't find symbol 'eglSwapBuffersWithDamageEXT'.
JavaScript error: resource://gre/modules/XULStore.jsm, line 66: Error: Can't find profile directory.
console.warn: SearchSettings: "get: No settings file exists, new profile?" (new Error("", "(unknown module)"))
1604689896367	Marionette	INFO	Listening on port 57244
1604689896772	Marionette	WARN	TLS certificate errors will be ignored for this session
1604690059445	Marionette	INFO	Stopped listening on port 57244

###!!! [Child][RunMessage] Error: Channel closing: too late to send/recv, messages will be lost


###!!! [Child][MessageChannel::SendAndWait] Error: Channel error: cannot send/recv

1604691273881	mozrunner::runner	INFO	Running command: "C:\\Program Files\\Mozilla Firefox\\firefox.exe" "-marionette" "-foreground" "-no-remote" "-profile" "C:\\Users\\CINTIA~1\\AppData\\Local\\Temp\\rust_mozprofile232fWz"
Can't find symbol 'eglSwapBuffersWithDamageEXT'.
JavaScript error: resource://gre/modules/XULStore.jsm, line 66: Error: Can't find profile directory.
console.warn: SearchSettings: "get: No settings file exists, new profile?" (new Error("", "(unknown module)"))
1604691279185	Marionette	INFO	Listening on port 57390
1604691279316	Marionette	WARN	TLS certificate errors will be ignored for this session
1604691285997	Marionette	INFO	Stopped listening on port 57390

###!!! [Child][RunMessage] Error: Channel closing: too late to send/recv, messages will be lost


###!!! [Child][MessageChannel::SendAndWait] Error: Channel error: cannot send/recv

1604691333850	mozrunner::runner	INFO	Running command: "C:\\Program Files\\Mozilla Firefox\\firefox.exe" "-marionette" "-foreground" "-no-remote" "-profile" "C:\\Users\\CINTIA~1\\AppData\\Local\\Temp\\rust_mozprofileizNKrq"
Can't find symbol 'eglSwapBuffersWithDamageEXT'.
JavaScript error: resource://gre/modules/XULStore.jsm, line 66: Error: Can't find profile directory.
console.warn: SearchSettings: "get: No settings file exists, new profile?" (new Error("", "(unknown module)"))
1604691338931	Marionette	INFO	Listening on port 57445
1604691339259	Marionette	WARN	TLS certificate errors will be ignored for this session
1604691348719	Marionette	INFO	Stopped listening on port 57445

###!!! [Child][RunMessage] Error: Channel closing: too late to send/recv, messages will be lost


###!!! [Child][MessageChannel::SendAndWait] Error: Channel error: cannot send/recv

1604692781664	mozrunner::runner	INFO	Running command: "C:\\Program Files\\Mozilla Firefox\\firefox.exe" "-marionette" "-foreground" "-no-remote" "-profile" "C:\\Users\\CINTIA~1\\AppData\\Local\\Temp\\rust_mozprofile0cTBo6"
Can't find symbol 'eglSwapBuffersWithDamageEXT'.
JavaScript error: resource://gre/modules/XULStore.jsm, line 66: Error: Can't find profile directory.
console.warn: SearchSettings: "get: No settings file exists, new profile?" (new Error("", "(unknown module)"))
1604692787492	Marionette	INFO	Listening on port 57656
1604692787607	Marionette	WARN	TLS certificate errors will be ignored for this session
1604693016205	Marionette	INFO	Stopped listening on port 57656

###!!! [Child][RunMessage] Error: Channel closing: too late to send/recv, messages will be lost


###!!! [Child][MessageChannel::SendAndWait] Error: Channel error: cannot send/recv

fersWithDamageEXT'.
JavaScript error: resource://gre/modules/XULStore.jsm, line 66: Error: Can't find profile directory.
console.warn: SearchSettings: "get: No settings file exists, new profile?" (new Error("", "(unknown module)"))
1604692843635	Marionette	INFO	Listening on port 57710
1604692844108	Marionette	WARN	TLS certificate errors will be ignored for this session
1604692853010	Marionette	INFO	Stopped listening on port 57710

###!!! [Child][RunMessage] Error: Channel closing: too late to send/recv, messages will be lost


###!!! [Child][MessageChannel::SendAndWait] Error: Channel error: cannot send/recv

1604692953973	mozrunner::runner	INFO	Running command: "C:\\Program Files\\Mozilla Firefox\\firefox.exe" "-marionette" "-foreground" "-no-remote" "-profile" "C:\\Users\\CINTIA~1\\AppData\\Local\\Temp\\rust_mozprofilez0y1ui"
Can't find symbol 'eglSwapBuffersWithDamageEXT'.
JavaScript error: resource://gre/modules/XULStore.jsm, line 66: Error: Can't find profile directory.
console.warn: SearchSettings: "get: No settings file exists, new profile?" (new Error("", "(unknown module)"))
1604692959387	Marionette	INFO	Listening on port 57788
1604692959901	Marionette	WARN	TLS certificate errors will be ignored for this session
1604692967782	Marionette	INFO	Stopped listening on port 57788

###!!! [Child][RunMessage] Error: Channel closing: too late to send/recv, messages will be lost


###!!! [Child][MessageChannel::SendAndWait] Error: Channel error: cannot send/recv

